{"__type":"$$EventMessageAudit","id":"63bf54be-4e93-4376-8dae-cf17fdce0876","ts":"2024-12-12T16:50:26.693+00:00","eventName":"n8n.audit.workflow.created","message":"n8n.audit.workflow.created","payload":{"userId":"b8041b0e-ebb1-4023-8889-1b45e475dfb1","_email":"rodrigo@lifecti.com.br","_firstName":"Rodrigo","_lastName":"Bserra","globalRole":"global:owner","workflowId":"5A3J3NdSs95ttC4J","workflowName":"My workflow"}}
{"__type":"$$EventMessageConfirm","confirm":"63bf54be-4e93-4376-8dae-cf17fdce0876","ts":"2024-12-12T16:50:26.807+00:00","source":{"id":"0","name":"eventBus"}}
{"__type":"$$EventMessageWorkflow","id":"33567905-edad-46e1-b584-fd02927e4e29","ts":"2024-12-12T11:50:51.676-05:00","eventName":"n8n.workflow.started","message":"n8n.workflow.started","payload":{"executionId":"1","workflowId":"5A3J3NdSs95ttC4J","isManual":true,"workflowName":"My workflow"}}
{"__type":"$$EventMessageConfirm","confirm":"33567905-edad-46e1-b584-fd02927e4e29","ts":"2024-12-12T11:50:51.676-05:00","source":{"id":"0","name":"eventBus"}}
{"__type":"$$EventMessageNode","id":"4350f7b4-462e-4ee6-80e9-fbc67206958a","ts":"2024-12-12T11:50:51.678-05:00","eventName":"n8n.node.started","message":"n8n.node.started","payload":{"workflowId":"5A3J3NdSs95ttC4J","workflowName":"My workflow","executionId":"1","nodeType":"n8n-nodes-base.webhook","nodeName":"Webhook"}}
{"__type":"$$EventMessageConfirm","confirm":"4350f7b4-462e-4ee6-80e9-fbc67206958a","ts":"2024-12-12T11:50:51.678-05:00","source":{"id":"0","name":"eventBus"}}
{"__type":"$$EventMessageNode","id":"9364d3cf-26be-4632-8d24-f488bd66b501","ts":"2024-12-12T11:50:51.680-05:00","eventName":"n8n.node.finished","message":"n8n.node.finished","payload":{"workflowId":"5A3J3NdSs95ttC4J","workflowName":"My workflow","executionId":"1","nodeType":"n8n-nodes-base.webhook","nodeName":"Webhook"}}
{"__type":"$$EventMessageConfirm","confirm":"9364d3cf-26be-4632-8d24-f488bd66b501","ts":"2024-12-12T11:50:51.681-05:00","source":{"id":"0","name":"eventBus"}}
{"__type":"$$EventMessageWorkflow","id":"b6e1ba62-489c-4a27-9330-2dadbb376604","ts":"2024-12-12T11:50:51.718-05:00","eventName":"n8n.workflow.success","message":"n8n.workflow.success","payload":{"executionId":"1","success":true,"isManual":true,"workflowId":"5A3J3NdSs95ttC4J","workflowName":"My workflow"}}
{"__type":"$$EventMessageConfirm","confirm":"b6e1ba62-489c-4a27-9330-2dadbb376604","ts":"2024-12-12T11:50:51.718-05:00","source":{"id":"0","name":"eventBus"}}
{"__type":"$$EventMessageWorkflow","id":"2e947458-6a08-4656-9d89-3f11576195d2","ts":"2024-12-12T11:51:58.573-05:00","eventName":"n8n.workflow.started","message":"n8n.workflow.started","payload":{"executionId":"2","workflowId":"5A3J3NdSs95ttC4J","isManual":true,"workflowName":"My workflow"}}
{"__type":"$$EventMessageConfirm","confirm":"2e947458-6a08-4656-9d89-3f11576195d2","ts":"2024-12-12T11:51:58.574-05:00","source":{"id":"0","name":"eventBus"}}
{"__type":"$$EventMessageNode","id":"4a06ce9d-e5d1-41ed-9b4a-f35f36dc8e10","ts":"2024-12-12T11:51:58.575-05:00","eventName":"n8n.node.started","message":"n8n.node.started","payload":{"workflowId":"5A3J3NdSs95ttC4J","workflowName":"My workflow","executionId":"2","nodeType":"n8n-nodes-base.webhook","nodeName":"Webhook"}}
{"__type":"$$EventMessageConfirm","confirm":"4a06ce9d-e5d1-41ed-9b4a-f35f36dc8e10","ts":"2024-12-12T11:51:58.575-05:00","source":{"id":"0","name":"eventBus"}}
{"__type":"$$EventMessageNode","id":"265b1c3a-0100-4738-b978-40d96d81d648","ts":"2024-12-12T11:51:58.576-05:00","eventName":"n8n.node.finished","message":"n8n.node.finished","payload":{"workflowId":"5A3J3NdSs95ttC4J","workflowName":"My workflow","executionId":"2","nodeType":"n8n-nodes-base.webhook","nodeName":"Webhook"}}
{"__type":"$$EventMessageConfirm","confirm":"265b1c3a-0100-4738-b978-40d96d81d648","ts":"2024-12-12T11:51:58.578-05:00","source":{"id":"0","name":"eventBus"}}
{"__type":"$$EventMessageWorkflow","id":"5eed0203-5a4d-4772-a3c1-904087bd2d2d","ts":"2024-12-12T11:51:58.624-05:00","eventName":"n8n.workflow.success","message":"n8n.workflow.success","payload":{"executionId":"2","success":true,"isManual":true,"workflowId":"5A3J3NdSs95ttC4J","workflowName":"My workflow"}}
{"__type":"$$EventMessageConfirm","confirm":"5eed0203-5a4d-4772-a3c1-904087bd2d2d","ts":"2024-12-12T11:51:58.624-05:00","source":{"id":"0","name":"eventBus"}}
{"__type":"$$EventMessageWorkflow","id":"1117b321-bf91-46a9-8376-c038769ad9f0","ts":"2024-12-12T11:59:39.288-05:00","eventName":"n8n.workflow.started","message":"n8n.workflow.started","payload":{"executionId":"3","workflowId":"5A3J3NdSs95ttC4J","isManual":true,"workflowName":"My workflow"}}
{"__type":"$$EventMessageConfirm","confirm":"1117b321-bf91-46a9-8376-c038769ad9f0","ts":"2024-12-12T11:59:39.288-05:00","source":{"id":"0","name":"eventBus"}}
{"__type":"$$EventMessageNode","id":"6df44f9d-d12e-46e0-b705-a5d086e0d213","ts":"2024-12-12T11:59:39.291-05:00","eventName":"n8n.node.started","message":"n8n.node.started","payload":{"workflowId":"5A3J3NdSs95ttC4J","workflowName":"My workflow","executionId":"3","nodeType":"n8n-nodes-base.webhook","nodeName":"Webhook"}}
{"__type":"$$EventMessageConfirm","confirm":"6df44f9d-d12e-46e0-b705-a5d086e0d213","ts":"2024-12-12T11:59:39.291-05:00","source":{"id":"0","name":"eventBus"}}
{"__type":"$$EventMessageNode","id":"69a2b0ff-d157-468f-b9aa-638b168954e3","ts":"2024-12-12T11:59:39.294-05:00","eventName":"n8n.node.finished","message":"n8n.node.finished","payload":{"workflowId":"5A3J3NdSs95ttC4J","workflowName":"My workflow","executionId":"3","nodeType":"n8n-nodes-base.webhook","nodeName":"Webhook"}}
{"__type":"$$EventMessageConfirm","confirm":"69a2b0ff-d157-468f-b9aa-638b168954e3","ts":"2024-12-12T11:59:39.294-05:00","source":{"id":"0","name":"eventBus"}}
{"__type":"$$EventMessageNode","id":"1f5e8380-99c2-411a-afe3-764e8d8c1b4c","ts":"2024-12-12T11:59:39.295-05:00","eventName":"n8n.node.started","message":"n8n.node.started","payload":{"workflowId":"5A3J3NdSs95ttC4J","workflowName":"My workflow","executionId":"3","nodeType":"n8n-nodes-base.httpRequest","nodeName":"HTTP Request"}}
{"__type":"$$EventMessageConfirm","confirm":"1f5e8380-99c2-411a-afe3-764e8d8c1b4c","ts":"2024-12-12T11:59:39.296-05:00","source":{"id":"0","name":"eventBus"}}
{"__type":"$$EventMessageNode","id":"9f5cf793-9dd0-4e2d-b671-5c5fe801073c","ts":"2024-12-12T11:59:40.054-05:00","eventName":"n8n.node.finished","message":"n8n.node.finished","payload":{"workflowId":"5A3J3NdSs95ttC4J","workflowName":"My workflow","executionId":"3","nodeType":"n8n-nodes-base.httpRequest","nodeName":"HTTP Request"}}
{"__type":"$$EventMessageConfirm","confirm":"9f5cf793-9dd0-4e2d-b671-5c5fe801073c","ts":"2024-12-12T11:59:40.055-05:00","source":{"id":"0","name":"eventBus"}}
{"__type":"$$EventMessageWorkflow","id":"98963ed9-d502-4a10-a71e-87f5c85f8abe","ts":"2024-12-12T11:59:40.121-05:00","eventName":"n8n.workflow.failed","message":"n8n.workflow.failed","payload":{"executionId":"3","success":false,"isManual":true,"workflowId":"5A3J3NdSs95ttC4J","workflowName":"My workflow","lastNodeExecuted":"HTTP Request","errorNodeType":"n8n-nodes-base.httpRequest","errorMessage":"The resource you are requesting could not be found"}}
{"__type":"$$EventMessageConfirm","confirm":"98963ed9-d502-4a10-a71e-87f5c85f8abe","ts":"2024-12-12T11:59:40.132-05:00","source":{"id":"0","name":"eventBus"}}
{"__type":"$$EventMessageWorkflow","id":"78ec37f0-2310-4aba-885f-742e77c7dddb","ts":"2024-12-12T12:00:43.561-05:00","eventName":"n8n.workflow.started","message":"n8n.workflow.started","payload":{"executionId":"4","workflowId":"5A3J3NdSs95ttC4J","isManual":true,"workflowName":"My workflow"}}
{"__type":"$$EventMessageConfirm","confirm":"78ec37f0-2310-4aba-885f-742e77c7dddb","ts":"2024-12-12T12:00:43.561-05:00","source":{"id":"0","name":"eventBus"}}
{"__type":"$$EventMessageNode","id":"48391478-b56c-45f9-851e-92db800085b4","ts":"2024-12-12T12:00:43.563-05:00","eventName":"n8n.node.started","message":"n8n.node.started","payload":{"workflowId":"5A3J3NdSs95ttC4J","workflowName":"My workflow","executionId":"4","nodeType":"n8n-nodes-base.webhook","nodeName":"Webhook"}}
{"__type":"$$EventMessageConfirm","confirm":"48391478-b56c-45f9-851e-92db800085b4","ts":"2024-12-12T12:00:43.563-05:00","source":{"id":"0","name":"eventBus"}}
{"__type":"$$EventMessageNode","id":"2b5abe6f-7821-4b24-ac3c-6edd87120151","ts":"2024-12-12T12:00:43.564-05:00","eventName":"n8n.node.finished","message":"n8n.node.finished","payload":{"workflowId":"5A3J3NdSs95ttC4J","workflowName":"My workflow","executionId":"4","nodeType":"n8n-nodes-base.webhook","nodeName":"Webhook"}}
{"__type":"$$EventMessageConfirm","confirm":"2b5abe6f-7821-4b24-ac3c-6edd87120151","ts":"2024-12-12T12:00:43.564-05:00","source":{"id":"0","name":"eventBus"}}
{"__type":"$$EventMessageNode","id":"f42d4bd1-8e3c-49e8-99d7-61396c9553cb","ts":"2024-12-12T12:00:43.565-05:00","eventName":"n8n.node.started","message":"n8n.node.started","payload":{"workflowId":"5A3J3NdSs95ttC4J","workflowName":"My workflow","executionId":"4","nodeType":"n8n-nodes-base.httpRequest","nodeName":"HTTP Request"}}
{"__type":"$$EventMessageConfirm","confirm":"f42d4bd1-8e3c-49e8-99d7-61396c9553cb","ts":"2024-12-12T12:00:43.566-05:00","source":{"id":"0","name":"eventBus"}}
{"__type":"$$EventMessageNode","id":"481ccbc7-8ddf-41d0-91f0-dd5b7f5b11ca","ts":"2024-12-12T12:00:44.219-05:00","eventName":"n8n.node.finished","message":"n8n.node.finished","payload":{"workflowId":"5A3J3NdSs95ttC4J","workflowName":"My workflow","executionId":"4","nodeType":"n8n-nodes-base.httpRequest","nodeName":"HTTP Request"}}
{"__type":"$$EventMessageConfirm","confirm":"481ccbc7-8ddf-41d0-91f0-dd5b7f5b11ca","ts":"2024-12-12T12:00:44.219-05:00","source":{"id":"0","name":"eventBus"}}
{"__type":"$$EventMessageNode","id":"bcd50b31-34a3-446d-b9ca-8cd7a49672b8","ts":"2024-12-12T12:00:44.220-05:00","eventName":"n8n.node.started","message":"n8n.node.started","payload":{"workflowId":"5A3J3NdSs95ttC4J","workflowName":"My workflow","executionId":"4","nodeType":"n8n-nodes-base.code","nodeName":"Code"}}
{"__type":"$$EventMessageConfirm","confirm":"bcd50b31-34a3-446d-b9ca-8cd7a49672b8","ts":"2024-12-12T12:00:44.220-05:00","source":{"id":"0","name":"eventBus"}}
{"__type":"$$EventMessageNode","id":"31977fa9-e183-48eb-a39a-956f95df9860","ts":"2024-12-12T12:00:44.270-05:00","eventName":"n8n.node.finished","message":"n8n.node.finished","payload":{"workflowId":"5A3J3NdSs95ttC4J","workflowName":"My workflow","executionId":"4","nodeType":"n8n-nodes-base.code","nodeName":"Code"}}
{"__type":"$$EventMessageConfirm","confirm":"31977fa9-e183-48eb-a39a-956f95df9860","ts":"2024-12-12T12:00:44.270-05:00","source":{"id":"0","name":"eventBus"}}
{"__type":"$$EventMessageWorkflow","id":"e7d15b86-a19c-4012-b274-8c2b311fb02f","ts":"2024-12-12T12:00:44.313-05:00","eventName":"n8n.workflow.failed","message":"n8n.workflow.failed","payload":{"executionId":"4","success":false,"isManual":true,"workflowId":"5A3J3NdSs95ttC4J","workflowName":"My workflow","lastNodeExecuted":"Code","errorNodeType":"n8n-nodes-base.code","errorMessage":"msg is not defined [line 2]"}}
{"__type":"$$EventMessageConfirm","confirm":"e7d15b86-a19c-4012-b274-8c2b311fb02f","ts":"2024-12-12T12:00:44.313-05:00","source":{"id":"0","name":"eventBus"}}
{"__type":"$$EventMessageAudit","id":"ec623efb-462c-4406-b591-12bc296dc07f","ts":"2024-12-12T12:05:11.300-05:00","eventName":"n8n.audit.workflow.updated","message":"n8n.audit.workflow.updated","payload":{"userId":"b8041b0e-ebb1-4023-8889-1b45e475dfb1","_email":"rodrigo@lifecti.com.br","_firstName":"Rodrigo","_lastName":"Bserra","globalRole":"global:owner","workflowId":"5A3J3NdSs95ttC4J","workflowName":"My workflow"}}
{"__type":"$$EventMessageConfirm","confirm":"ec623efb-462c-4406-b591-12bc296dc07f","ts":"2024-12-12T12:05:11.300-05:00","source":{"id":"0","name":"eventBus"}}
{"__type":"$$EventMessageWorkflow","id":"f2d01816-0213-4da3-a7c4-564dcfaabf16","ts":"2024-12-12T12:05:23.173-05:00","eventName":"n8n.workflow.started","message":"n8n.workflow.started","payload":{"executionId":"5","isManual":false}}
{"__type":"$$EventMessageConfirm","confirm":"f2d01816-0213-4da3-a7c4-564dcfaabf16","ts":"2024-12-12T12:05:23.173-05:00","source":{"id":"0","name":"eventBus"}}
{"__type":"$$EventMessageNode","id":"1e45d3e9-a023-46a1-a1e8-30d4598a48e0","ts":"2024-12-12T12:05:23.174-05:00","eventName":"n8n.node.started","message":"n8n.node.started","payload":{"workflowId":"5A3J3NdSs95ttC4J","workflowName":"My workflow","executionId":"5","nodeType":"n8n-nodes-base.code","nodeName":"Code"}}
{"__type":"$$EventMessageConfirm","confirm":"1e45d3e9-a023-46a1-a1e8-30d4598a48e0","ts":"2024-12-12T12:05:23.174-05:00","source":{"id":"0","name":"eventBus"}}
{"__type":"$$EventMessageNode","id":"49d845ce-f5cc-40c1-8c40-514b7c12dd59","ts":"2024-12-12T12:05:23.196-05:00","eventName":"n8n.node.finished","message":"n8n.node.finished","payload":{"workflowId":"5A3J3NdSs95ttC4J","workflowName":"My workflow","executionId":"5","nodeType":"n8n-nodes-base.code","nodeName":"Code"}}
{"__type":"$$EventMessageConfirm","confirm":"49d845ce-f5cc-40c1-8c40-514b7c12dd59","ts":"2024-12-12T12:05:23.198-05:00","source":{"id":"0","name":"eventBus"}}
{"__type":"$$EventMessageWorkflow","id":"682146e0-5918-4051-9e84-d484efa1974e","ts":"2024-12-12T12:05:23.238-05:00","eventName":"n8n.workflow.failed","message":"n8n.workflow.failed","payload":{"executionId":"5","userId":"b8041b0e-ebb1-4023-8889-1b45e475dfb1","success":false,"isManual":true,"workflowId":"5A3J3NdSs95ttC4J","workflowName":"My workflow","lastNodeExecuted":"Code","errorNodeType":"n8n-nodes-base.code","errorMessage":"msg is not defined [line 2]"}}
{"__type":"$$EventMessageConfirm","confirm":"682146e0-5918-4051-9e84-d484efa1974e","ts":"2024-12-12T12:05:23.239-05:00","source":{"id":"0","name":"eventBus"}}
{"__type":"$$EventMessageWorkflow","id":"d2c7ef03-f4f7-49f4-8f89-9412b9c8ccc2","ts":"2024-12-12T12:06:29.739-05:00","eventName":"n8n.workflow.started","message":"n8n.workflow.started","payload":{"executionId":"6","workflowId":"5A3J3NdSs95ttC4J","isManual":true,"workflowName":"My workflow"}}
{"__type":"$$EventMessageConfirm","confirm":"d2c7ef03-f4f7-49f4-8f89-9412b9c8ccc2","ts":"2024-12-12T12:06:29.739-05:00","source":{"id":"0","name":"eventBus"}}
{"__type":"$$EventMessageNode","id":"9e04c2c5-8013-4939-8c52-bfacbe886138","ts":"2024-12-12T12:06:29.740-05:00","eventName":"n8n.node.started","message":"n8n.node.started","payload":{"workflowId":"5A3J3NdSs95ttC4J","workflowName":"My workflow","executionId":"6","nodeType":"n8n-nodes-base.webhook","nodeName":"Webhook"}}
{"__type":"$$EventMessageConfirm","confirm":"9e04c2c5-8013-4939-8c52-bfacbe886138","ts":"2024-12-12T12:06:29.740-05:00","source":{"id":"0","name":"eventBus"}}
{"__type":"$$EventMessageNode","id":"cbcda498-bb78-4731-896d-3cc735dea23f","ts":"2024-12-12T12:06:29.741-05:00","eventName":"n8n.node.finished","message":"n8n.node.finished","payload":{"workflowId":"5A3J3NdSs95ttC4J","workflowName":"My workflow","executionId":"6","nodeType":"n8n-nodes-base.webhook","nodeName":"Webhook"}}
{"__type":"$$EventMessageConfirm","confirm":"cbcda498-bb78-4731-896d-3cc735dea23f","ts":"2024-12-12T12:06:29.741-05:00","source":{"id":"0","name":"eventBus"}}
{"__type":"$$EventMessageNode","id":"90dd12df-c284-4fd7-8e7b-62318c17befe","ts":"2024-12-12T12:06:29.748-05:00","eventName":"n8n.node.started","message":"n8n.node.started","payload":{"workflowId":"5A3J3NdSs95ttC4J","workflowName":"My workflow","executionId":"6","nodeType":"n8n-nodes-base.httpRequest","nodeName":"HTTP Request"}}
{"__type":"$$EventMessageConfirm","confirm":"90dd12df-c284-4fd7-8e7b-62318c17befe","ts":"2024-12-12T12:06:29.748-05:00","source":{"id":"0","name":"eventBus"}}
{"__type":"$$EventMessageNode","id":"44fbc86b-085f-4555-832c-21c18203d07c","ts":"2024-12-12T12:06:29.943-05:00","eventName":"n8n.node.finished","message":"n8n.node.finished","payload":{"workflowId":"5A3J3NdSs95ttC4J","workflowName":"My workflow","executionId":"6","nodeType":"n8n-nodes-base.httpRequest","nodeName":"HTTP Request"}}
{"__type":"$$EventMessageConfirm","confirm":"44fbc86b-085f-4555-832c-21c18203d07c","ts":"2024-12-12T12:06:29.943-05:00","source":{"id":"0","name":"eventBus"}}
{"__type":"$$EventMessageNode","id":"fe4bc3d5-2231-4a64-b025-b5ef6741e09f","ts":"2024-12-12T12:06:29.944-05:00","eventName":"n8n.node.started","message":"n8n.node.started","payload":{"workflowId":"5A3J3NdSs95ttC4J","workflowName":"My workflow","executionId":"6","nodeType":"n8n-nodes-base.code","nodeName":"Code"}}
{"__type":"$$EventMessageConfirm","confirm":"fe4bc3d5-2231-4a64-b025-b5ef6741e09f","ts":"2024-12-12T12:06:29.945-05:00","source":{"id":"0","name":"eventBus"}}
{"__type":"$$EventMessageNode","id":"a356e7f8-0130-4dba-8f50-31747e3c1c8e","ts":"2024-12-12T12:06:29.976-05:00","eventName":"n8n.node.finished","message":"n8n.node.finished","payload":{"workflowId":"5A3J3NdSs95ttC4J","workflowName":"My workflow","executionId":"6","nodeType":"n8n-nodes-base.code","nodeName":"Code"}}
{"__type":"$$EventMessageConfirm","confirm":"a356e7f8-0130-4dba-8f50-31747e3c1c8e","ts":"2024-12-12T12:06:29.976-05:00","source":{"id":"0","name":"eventBus"}}
{"__type":"$$EventMessageWorkflow","id":"f6994ac7-3d1a-4924-b3bf-7d603a9b411c","ts":"2024-12-12T12:06:30.064-05:00","eventName":"n8n.workflow.failed","message":"n8n.workflow.failed","payload":{"executionId":"6","success":false,"isManual":true,"workflowId":"5A3J3NdSs95ttC4J","workflowName":"My workflow","lastNodeExecuted":"Code","errorNodeType":"n8n-nodes-base.code","errorMessage":"msg is not defined [line 2]"}}
{"__type":"$$EventMessageConfirm","confirm":"f6994ac7-3d1a-4924-b3bf-7d603a9b411c","ts":"2024-12-12T12:06:30.064-05:00","source":{"id":"0","name":"eventBus"}}
{"__type":"$$EventMessageWorkflow","id":"10f272b2-eeb6-47f8-9884-bffdcc27f3a3","ts":"2024-12-12T12:07:10.599-05:00","eventName":"n8n.workflow.started","message":"n8n.workflow.started","payload":{"executionId":"7","workflowId":"5A3J3NdSs95ttC4J","isManual":true,"workflowName":"My workflow"}}
{"__type":"$$EventMessageConfirm","confirm":"10f272b2-eeb6-47f8-9884-bffdcc27f3a3","ts":"2024-12-12T12:07:10.599-05:00","source":{"id":"0","name":"eventBus"}}
{"__type":"$$EventMessageNode","id":"a90b6de8-d24a-43d0-8ccc-58f2f0b13ad4","ts":"2024-12-12T12:07:10.600-05:00","eventName":"n8n.node.started","message":"n8n.node.started","payload":{"workflowId":"5A3J3NdSs95ttC4J","workflowName":"My workflow","executionId":"7","nodeType":"n8n-nodes-base.webhook","nodeName":"Webhook"}}
{"__type":"$$EventMessageConfirm","confirm":"a90b6de8-d24a-43d0-8ccc-58f2f0b13ad4","ts":"2024-12-12T12:07:10.600-05:00","source":{"id":"0","name":"eventBus"}}
{"__type":"$$EventMessageNode","id":"dbc33ece-6408-4e20-85c0-50e645ea69c5","ts":"2024-12-12T12:07:10.601-05:00","eventName":"n8n.node.finished","message":"n8n.node.finished","payload":{"workflowId":"5A3J3NdSs95ttC4J","workflowName":"My workflow","executionId":"7","nodeType":"n8n-nodes-base.webhook","nodeName":"Webhook"}}
{"__type":"$$EventMessageConfirm","confirm":"dbc33ece-6408-4e20-85c0-50e645ea69c5","ts":"2024-12-12T12:07:10.601-05:00","source":{"id":"0","name":"eventBus"}}
{"__type":"$$EventMessageNode","id":"9e74ba95-3b6c-4dc3-9425-61a8fa31ca93","ts":"2024-12-12T12:07:10.605-05:00","eventName":"n8n.node.started","message":"n8n.node.started","payload":{"workflowId":"5A3J3NdSs95ttC4J","workflowName":"My workflow","executionId":"7","nodeType":"n8n-nodes-base.httpRequest","nodeName":"HTTP Request"}}
{"__type":"$$EventMessageConfirm","confirm":"9e74ba95-3b6c-4dc3-9425-61a8fa31ca93","ts":"2024-12-12T12:07:10.606-05:00","source":{"id":"0","name":"eventBus"}}
{"__type":"$$EventMessageNode","id":"0172d1e6-5d83-4b42-a5f2-23139936f24c","ts":"2024-12-12T12:07:10.861-05:00","eventName":"n8n.node.finished","message":"n8n.node.finished","payload":{"workflowId":"5A3J3NdSs95ttC4J","workflowName":"My workflow","executionId":"7","nodeType":"n8n-nodes-base.httpRequest","nodeName":"HTTP Request"}}
{"__type":"$$EventMessageConfirm","confirm":"0172d1e6-5d83-4b42-a5f2-23139936f24c","ts":"2024-12-12T12:07:10.861-05:00","source":{"id":"0","name":"eventBus"}}
{"__type":"$$EventMessageNode","id":"c0b0cfa0-a77a-4393-b3be-551de3b0d447","ts":"2024-12-12T12:07:10.862-05:00","eventName":"n8n.node.started","message":"n8n.node.started","payload":{"workflowId":"5A3J3NdSs95ttC4J","workflowName":"My workflow","executionId":"7","nodeType":"n8n-nodes-base.code","nodeName":"Code"}}
{"__type":"$$EventMessageConfirm","confirm":"c0b0cfa0-a77a-4393-b3be-551de3b0d447","ts":"2024-12-12T12:07:10.862-05:00","source":{"id":"0","name":"eventBus"}}
{"__type":"$$EventMessageNode","id":"a17c9abc-48fa-473f-b3d1-e6b1670c3cf4","ts":"2024-12-12T12:07:10.889-05:00","eventName":"n8n.node.finished","message":"n8n.node.finished","payload":{"workflowId":"5A3J3NdSs95ttC4J","workflowName":"My workflow","executionId":"7","nodeType":"n8n-nodes-base.code","nodeName":"Code"}}
{"__type":"$$EventMessageConfirm","confirm":"a17c9abc-48fa-473f-b3d1-e6b1670c3cf4","ts":"2024-12-12T12:07:10.889-05:00","source":{"id":"0","name":"eventBus"}}
{"__type":"$$EventMessageWorkflow","id":"69e14c66-76b5-4b1a-9213-6fdad9b86633","ts":"2024-12-12T12:07:11.204-05:00","eventName":"n8n.workflow.failed","message":"n8n.workflow.failed","payload":{"executionId":"7","success":false,"isManual":true,"workflowId":"5A3J3NdSs95ttC4J","workflowName":"My workflow","lastNodeExecuted":"Code","errorNodeType":"n8n-nodes-base.code","errorMessage":"msg is not defined [line 2]"}}
{"__type":"$$EventMessageConfirm","confirm":"69e14c66-76b5-4b1a-9213-6fdad9b86633","ts":"2024-12-12T12:07:11.205-05:00","source":{"id":"0","name":"eventBus"}}
{"__type":"$$EventMessageWorkflow","id":"05beee84-b309-4612-8a9f-16237c3f65ba","ts":"2024-12-12T12:10:20.859-05:00","eventName":"n8n.workflow.started","message":"n8n.workflow.started","payload":{"executionId":"8","isManual":false}}
{"__type":"$$EventMessageConfirm","confirm":"05beee84-b309-4612-8a9f-16237c3f65ba","ts":"2024-12-12T12:10:20.859-05:00","source":{"id":"0","name":"eventBus"}}
{"__type":"$$EventMessageNode","id":"57e40a49-9d8b-4879-8e29-d5a9bec2a3bc","ts":"2024-12-12T12:10:20.859-05:00","eventName":"n8n.node.started","message":"n8n.node.started","payload":{"workflowId":"5A3J3NdSs95ttC4J","workflowName":"My workflow","executionId":"8","nodeType":"n8n-nodes-base.html","nodeName":"HTML"}}
{"__type":"$$EventMessageConfirm","confirm":"57e40a49-9d8b-4879-8e29-d5a9bec2a3bc","ts":"2024-12-12T12:10:20.859-05:00","source":{"id":"0","name":"eventBus"}}
{"__type":"$$EventMessageNode","id":"56563fcc-ef52-41e0-91d6-71f2bb1c9f77","ts":"2024-12-12T12:10:20.872-05:00","eventName":"n8n.node.finished","message":"n8n.node.finished","payload":{"workflowId":"5A3J3NdSs95ttC4J","workflowName":"My workflow","executionId":"8","nodeType":"n8n-nodes-base.html","nodeName":"HTML"}}
{"__type":"$$EventMessageConfirm","confirm":"56563fcc-ef52-41e0-91d6-71f2bb1c9f77","ts":"2024-12-12T12:10:20.872-05:00","source":{"id":"0","name":"eventBus"}}
{"__type":"$$EventMessageWorkflow","id":"a2c7775e-f741-4a6a-b6e0-841295988826","ts":"2024-12-12T12:10:20.944-05:00","eventName":"n8n.workflow.success","message":"n8n.workflow.success","payload":{"executionId":"8","userId":"b8041b0e-ebb1-4023-8889-1b45e475dfb1","success":true,"isManual":true,"workflowId":"5A3J3NdSs95ttC4J","workflowName":"My workflow"}}
{"__type":"$$EventMessageConfirm","confirm":"a2c7775e-f741-4a6a-b6e0-841295988826","ts":"2024-12-12T12:10:20.945-05:00","source":{"id":"0","name":"eventBus"}}
{"__type":"$$EventMessageWorkflow","id":"4a7da02f-6666-457d-8089-da14d128524a","ts":"2024-12-12T12:14:33.386-05:00","eventName":"n8n.workflow.started","message":"n8n.workflow.started","payload":{"executionId":"9","isManual":false}}
{"__type":"$$EventMessageConfirm","confirm":"4a7da02f-6666-457d-8089-da14d128524a","ts":"2024-12-12T12:14:33.386-05:00","source":{"id":"0","name":"eventBus"}}
{"__type":"$$EventMessageNode","id":"067e6b8e-d443-4896-b3b0-e9cda082047b","ts":"2024-12-12T12:14:33.387-05:00","eventName":"n8n.node.started","message":"n8n.node.started","payload":{"workflowId":"5A3J3NdSs95ttC4J","workflowName":"My workflow","executionId":"9","nodeType":"n8n-nodes-base.httpRequest","nodeName":"HTTP Request"}}
{"__type":"$$EventMessageConfirm","confirm":"067e6b8e-d443-4896-b3b0-e9cda082047b","ts":"2024-12-12T12:14:33.387-05:00","source":{"id":"0","name":"eventBus"}}
{"__type":"$$EventMessageNode","id":"4c3423d4-61e3-4396-a40f-1b12b9ea37fb","ts":"2024-12-12T12:14:34.030-05:00","eventName":"n8n.node.finished","message":"n8n.node.finished","payload":{"workflowId":"5A3J3NdSs95ttC4J","workflowName":"My workflow","executionId":"9","nodeType":"n8n-nodes-base.httpRequest","nodeName":"HTTP Request"}}
{"__type":"$$EventMessageConfirm","confirm":"4c3423d4-61e3-4396-a40f-1b12b9ea37fb","ts":"2024-12-12T12:14:34.030-05:00","source":{"id":"0","name":"eventBus"}}
{"__type":"$$EventMessageWorkflow","id":"07632a3e-27a5-4c68-8c98-8bd252c839d0","ts":"2024-12-12T12:14:34.172-05:00","eventName":"n8n.workflow.success","message":"n8n.workflow.success","payload":{"executionId":"9","userId":"b8041b0e-ebb1-4023-8889-1b45e475dfb1","success":true,"isManual":true,"workflowId":"5A3J3NdSs95ttC4J","workflowName":"My workflow"}}
{"__type":"$$EventMessageConfirm","confirm":"07632a3e-27a5-4c68-8c98-8bd252c839d0","ts":"2024-12-12T12:14:34.172-05:00","source":{"id":"0","name":"eventBus"}}
{"__type":"$$EventMessageWorkflow","id":"67acce5f-4df3-4331-91b8-2de7b5d55816","ts":"2024-12-12T12:14:41.414-05:00","eventName":"n8n.workflow.started","message":"n8n.workflow.started","payload":{"executionId":"10","isManual":false}}
{"__type":"$$EventMessageConfirm","confirm":"67acce5f-4df3-4331-91b8-2de7b5d55816","ts":"2024-12-12T12:14:41.414-05:00","source":{"id":"0","name":"eventBus"}}
{"__type":"$$EventMessageNode","id":"bbfb01b7-050f-4195-ab4c-2a36bd3f0339","ts":"2024-12-12T12:14:41.414-05:00","eventName":"n8n.node.started","message":"n8n.node.started","payload":{"workflowId":"5A3J3NdSs95ttC4J","workflowName":"My workflow","executionId":"10","nodeType":"n8n-nodes-base.html","nodeName":"HTML"}}
{"__type":"$$EventMessageConfirm","confirm":"bbfb01b7-050f-4195-ab4c-2a36bd3f0339","ts":"2024-12-12T12:14:41.414-05:00","source":{"id":"0","name":"eventBus"}}
{"__type":"$$EventMessageNode","id":"68f8980c-376c-4f6e-9dd7-0ff28639ef35","ts":"2024-12-12T12:14:41.419-05:00","eventName":"n8n.node.finished","message":"n8n.node.finished","payload":{"workflowId":"5A3J3NdSs95ttC4J","workflowName":"My workflow","executionId":"10","nodeType":"n8n-nodes-base.html","nodeName":"HTML"}}
{"__type":"$$EventMessageConfirm","confirm":"68f8980c-376c-4f6e-9dd7-0ff28639ef35","ts":"2024-12-12T12:14:41.420-05:00","source":{"id":"0","name":"eventBus"}}
{"__type":"$$EventMessageWorkflow","id":"68fc1d97-5974-4e5d-a8ce-d10d9e5b62ae","ts":"2024-12-12T12:14:41.472-05:00","eventName":"n8n.workflow.success","message":"n8n.workflow.success","payload":{"executionId":"10","userId":"b8041b0e-ebb1-4023-8889-1b45e475dfb1","success":true,"isManual":true,"workflowId":"5A3J3NdSs95ttC4J","workflowName":"My workflow"}}
{"__type":"$$EventMessageConfirm","confirm":"68fc1d97-5974-4e5d-a8ce-d10d9e5b62ae","ts":"2024-12-12T12:14:41.472-05:00","source":{"id":"0","name":"eventBus"}}
{"__type":"$$EventMessageWorkflow","id":"9d0369d0-0d96-478d-b417-77ff2a2ac0bd","ts":"2024-12-12T12:15:59.872-05:00","eventName":"n8n.workflow.started","message":"n8n.workflow.started","payload":{"executionId":"11","isManual":false}}
{"__type":"$$EventMessageConfirm","confirm":"9d0369d0-0d96-478d-b417-77ff2a2ac0bd","ts":"2024-12-12T12:15:59.872-05:00","source":{"id":"0","name":"eventBus"}}
{"__type":"$$EventMessageNode","id":"c9838262-4f8c-4734-bd17-54e2ff51669c","ts":"2024-12-12T12:15:59.873-05:00","eventName":"n8n.node.started","message":"n8n.node.started","payload":{"workflowId":"5A3J3NdSs95ttC4J","workflowName":"My workflow","executionId":"11","nodeType":"n8n-nodes-base.html","nodeName":"HTML"}}
{"__type":"$$EventMessageConfirm","confirm":"c9838262-4f8c-4734-bd17-54e2ff51669c","ts":"2024-12-12T12:15:59.874-05:00","source":{"id":"0","name":"eventBus"}}
{"__type":"$$EventMessageNode","id":"1665d71e-b4d4-4557-b5b9-36cd9624b6cb","ts":"2024-12-12T12:15:59.891-05:00","eventName":"n8n.node.finished","message":"n8n.node.finished","payload":{"workflowId":"5A3J3NdSs95ttC4J","workflowName":"My workflow","executionId":"11","nodeType":"n8n-nodes-base.html","nodeName":"HTML"}}
{"__type":"$$EventMessageConfirm","confirm":"1665d71e-b4d4-4557-b5b9-36cd9624b6cb","ts":"2024-12-12T12:15:59.891-05:00","source":{"id":"0","name":"eventBus"}}
{"__type":"$$EventMessageWorkflow","id":"7676829e-7c20-43e8-983e-93f2a6c2dfdc","ts":"2024-12-12T12:15:59.927-05:00","eventName":"n8n.workflow.success","message":"n8n.workflow.success","payload":{"executionId":"11","userId":"b8041b0e-ebb1-4023-8889-1b45e475dfb1","success":true,"isManual":true,"workflowId":"5A3J3NdSs95ttC4J","workflowName":"My workflow"}}
{"__type":"$$EventMessageConfirm","confirm":"7676829e-7c20-43e8-983e-93f2a6c2dfdc","ts":"2024-12-12T12:15:59.928-05:00","source":{"id":"0","name":"eventBus"}}
{"__type":"$$EventMessageWorkflow","id":"1854d9dd-5139-42ed-993c-a0f7173b71ad","ts":"2024-12-12T12:17:09.438-05:00","eventName":"n8n.workflow.started","message":"n8n.workflow.started","payload":{"executionId":"12","isManual":false}}
{"__type":"$$EventMessageConfirm","confirm":"1854d9dd-5139-42ed-993c-a0f7173b71ad","ts":"2024-12-12T12:17:09.439-05:00","source":{"id":"0","name":"eventBus"}}
{"__type":"$$EventMessageNode","id":"906da1ea-9df6-40cb-9b92-894d275eb391","ts":"2024-12-12T12:17:09.439-05:00","eventName":"n8n.node.started","message":"n8n.node.started","payload":{"workflowId":"5A3J3NdSs95ttC4J","workflowName":"My workflow","executionId":"12","nodeType":"n8n-nodes-base.html","nodeName":"HTML"}}
{"__type":"$$EventMessageConfirm","confirm":"906da1ea-9df6-40cb-9b92-894d275eb391","ts":"2024-12-12T12:17:09.439-05:00","source":{"id":"0","name":"eventBus"}}
{"__type":"$$EventMessageNode","id":"5f85ebc2-1baf-4310-8115-fc65fabb71a0","ts":"2024-12-12T12:17:09.467-05:00","eventName":"n8n.node.finished","message":"n8n.node.finished","payload":{"workflowId":"5A3J3NdSs95ttC4J","workflowName":"My workflow","executionId":"12","nodeType":"n8n-nodes-base.html","nodeName":"HTML"}}
{"__type":"$$EventMessageConfirm","confirm":"5f85ebc2-1baf-4310-8115-fc65fabb71a0","ts":"2024-12-12T12:17:09.467-05:00","source":{"id":"0","name":"eventBus"}}
{"__type":"$$EventMessageWorkflow","id":"2910f916-7651-491d-a828-ad74076be0d5","ts":"2024-12-12T12:17:09.526-05:00","eventName":"n8n.workflow.success","message":"n8n.workflow.success","payload":{"executionId":"12","userId":"b8041b0e-ebb1-4023-8889-1b45e475dfb1","success":true,"isManual":true,"workflowId":"5A3J3NdSs95ttC4J","workflowName":"My workflow"}}
{"__type":"$$EventMessageConfirm","confirm":"2910f916-7651-491d-a828-ad74076be0d5","ts":"2024-12-12T12:17:09.526-05:00","source":{"id":"0","name":"eventBus"}}
{"__type":"$$EventMessageWorkflow","id":"80e7bd67-027e-4e50-8d75-a4645a81ef6e","ts":"2024-12-12T12:23:11.501-05:00","eventName":"n8n.workflow.started","message":"n8n.workflow.started","payload":{"executionId":"13","isManual":false}}
{"__type":"$$EventMessageConfirm","confirm":"80e7bd67-027e-4e50-8d75-a4645a81ef6e","ts":"2024-12-12T12:23:11.501-05:00","source":{"id":"0","name":"eventBus"}}
{"__type":"$$EventMessageNode","id":"4f986506-2610-4ece-8c72-99ca4427f1f9","ts":"2024-12-12T12:23:11.501-05:00","eventName":"n8n.node.started","message":"n8n.node.started","payload":{"workflowId":"5A3J3NdSs95ttC4J","workflowName":"My workflow","executionId":"13","nodeType":"n8n-nodes-base.html","nodeName":"HTML"}}
{"__type":"$$EventMessageConfirm","confirm":"4f986506-2610-4ece-8c72-99ca4427f1f9","ts":"2024-12-12T12:23:11.501-05:00","source":{"id":"0","name":"eventBus"}}
{"__type":"$$EventMessageNode","id":"94a1c431-7c62-4db0-8b61-dfd5f031c319","ts":"2024-12-12T12:23:11.570-05:00","eventName":"n8n.node.finished","message":"n8n.node.finished","payload":{"workflowId":"5A3J3NdSs95ttC4J","workflowName":"My workflow","executionId":"13","nodeType":"n8n-nodes-base.html","nodeName":"HTML"}}
{"__type":"$$EventMessageConfirm","confirm":"94a1c431-7c62-4db0-8b61-dfd5f031c319","ts":"2024-12-12T12:23:11.570-05:00","source":{"id":"0","name":"eventBus"}}
{"__type":"$$EventMessageWorkflow","id":"cfc66635-cf28-490c-912b-183cf2917e7e","ts":"2024-12-12T12:23:11.629-05:00","eventName":"n8n.workflow.success","message":"n8n.workflow.success","payload":{"executionId":"13","userId":"b8041b0e-ebb1-4023-8889-1b45e475dfb1","success":true,"isManual":true,"workflowId":"5A3J3NdSs95ttC4J","workflowName":"My workflow"}}
{"__type":"$$EventMessageConfirm","confirm":"cfc66635-cf28-490c-912b-183cf2917e7e","ts":"2024-12-12T12:23:11.629-05:00","source":{"id":"0","name":"eventBus"}}
{"__type":"$$EventMessageWorkflow","id":"11b5bfbc-654f-4768-8f14-c4504e0b2c64","ts":"2024-12-12T12:23:23.126-05:00","eventName":"n8n.workflow.started","message":"n8n.workflow.started","payload":{"executionId":"14","isManual":false}}
{"__type":"$$EventMessageConfirm","confirm":"11b5bfbc-654f-4768-8f14-c4504e0b2c64","ts":"2024-12-12T12:23:23.126-05:00","source":{"id":"0","name":"eventBus"}}
{"__type":"$$EventMessageNode","id":"28f6f3db-8447-4ee3-a042-ffc61ef026bc","ts":"2024-12-12T12:23:23.127-05:00","eventName":"n8n.node.started","message":"n8n.node.started","payload":{"workflowId":"5A3J3NdSs95ttC4J","workflowName":"My workflow","executionId":"14","nodeType":"n8n-nodes-base.html","nodeName":"HTML"}}
{"__type":"$$EventMessageConfirm","confirm":"28f6f3db-8447-4ee3-a042-ffc61ef026bc","ts":"2024-12-12T12:23:23.127-05:00","source":{"id":"0","name":"eventBus"}}
{"__type":"$$EventMessageNode","id":"f5194b45-52fa-415a-81dd-90f3413f0dab","ts":"2024-12-12T12:23:23.138-05:00","eventName":"n8n.node.finished","message":"n8n.node.finished","payload":{"workflowId":"5A3J3NdSs95ttC4J","workflowName":"My workflow","executionId":"14","nodeType":"n8n-nodes-base.html","nodeName":"HTML"}}
{"__type":"$$EventMessageConfirm","confirm":"f5194b45-52fa-415a-81dd-90f3413f0dab","ts":"2024-12-12T12:23:23.138-05:00","source":{"id":"0","name":"eventBus"}}
{"__type":"$$EventMessageWorkflow","id":"ee7ee61e-520b-4ada-9442-1d9a47e6bd52","ts":"2024-12-12T12:23:23.185-05:00","eventName":"n8n.workflow.success","message":"n8n.workflow.success","payload":{"executionId":"14","userId":"b8041b0e-ebb1-4023-8889-1b45e475dfb1","success":true,"isManual":true,"workflowId":"5A3J3NdSs95ttC4J","workflowName":"My workflow"}}
{"__type":"$$EventMessageConfirm","confirm":"ee7ee61e-520b-4ada-9442-1d9a47e6bd52","ts":"2024-12-12T12:23:23.185-05:00","source":{"id":"0","name":"eventBus"}}
{"__type":"$$EventMessageWorkflow","id":"d08d4ccf-8803-41be-a69b-0097d9871a88","ts":"2024-12-12T12:24:30.108-05:00","eventName":"n8n.workflow.started","message":"n8n.workflow.started","payload":{"executionId":"15","isManual":false}}
{"__type":"$$EventMessageConfirm","confirm":"d08d4ccf-8803-41be-a69b-0097d9871a88","ts":"2024-12-12T12:24:30.108-05:00","source":{"id":"0","name":"eventBus"}}
{"__type":"$$EventMessageNode","id":"764ecd53-1b33-4967-9cb3-8ed7dbe3b310","ts":"2024-12-12T12:24:30.108-05:00","eventName":"n8n.node.started","message":"n8n.node.started","payload":{"workflowId":"5A3J3NdSs95ttC4J","workflowName":"My workflow","executionId":"15","nodeType":"n8n-nodes-base.html","nodeName":"HTML"}}
{"__type":"$$EventMessageConfirm","confirm":"764ecd53-1b33-4967-9cb3-8ed7dbe3b310","ts":"2024-12-12T12:24:30.108-05:00","source":{"id":"0","name":"eventBus"}}
{"__type":"$$EventMessageNode","id":"4e5ff46b-f76a-4da8-8163-0f5b3f8249e4","ts":"2024-12-12T12:24:30.119-05:00","eventName":"n8n.node.finished","message":"n8n.node.finished","payload":{"workflowId":"5A3J3NdSs95ttC4J","workflowName":"My workflow","executionId":"15","nodeType":"n8n-nodes-base.html","nodeName":"HTML"}}
{"__type":"$$EventMessageConfirm","confirm":"4e5ff46b-f76a-4da8-8163-0f5b3f8249e4","ts":"2024-12-12T12:24:30.119-05:00","source":{"id":"0","name":"eventBus"}}
{"__type":"$$EventMessageWorkflow","id":"b7769327-91c6-44e9-9b65-86ddd6d6ba3f","ts":"2024-12-12T12:24:30.161-05:00","eventName":"n8n.workflow.success","message":"n8n.workflow.success","payload":{"executionId":"15","userId":"b8041b0e-ebb1-4023-8889-1b45e475dfb1","success":true,"isManual":true,"workflowId":"5A3J3NdSs95ttC4J","workflowName":"My workflow"}}
{"__type":"$$EventMessageConfirm","confirm":"b7769327-91c6-44e9-9b65-86ddd6d6ba3f","ts":"2024-12-12T12:24:30.162-05:00","source":{"id":"0","name":"eventBus"}}
{"__type":"$$EventMessageWorkflow","id":"146bfe43-1262-48fc-9844-a220ea879969","ts":"2024-12-12T12:24:40.223-05:00","eventName":"n8n.workflow.started","message":"n8n.workflow.started","payload":{"executionId":"16","isManual":false}}
{"__type":"$$EventMessageConfirm","confirm":"146bfe43-1262-48fc-9844-a220ea879969","ts":"2024-12-12T12:24:40.223-05:00","source":{"id":"0","name":"eventBus"}}
{"__type":"$$EventMessageNode","id":"b2a741f2-71e0-4235-88de-4966bced3ca0","ts":"2024-12-12T12:24:40.223-05:00","eventName":"n8n.node.started","message":"n8n.node.started","payload":{"workflowId":"5A3J3NdSs95ttC4J","workflowName":"My workflow","executionId":"16","nodeType":"n8n-nodes-base.html","nodeName":"HTML"}}
{"__type":"$$EventMessageConfirm","confirm":"b2a741f2-71e0-4235-88de-4966bced3ca0","ts":"2024-12-12T12:24:40.223-05:00","source":{"id":"0","name":"eventBus"}}
{"__type":"$$EventMessageNode","id":"72e5318f-8121-4b14-81e2-4e8cf96416b9","ts":"2024-12-12T12:24:40.230-05:00","eventName":"n8n.node.finished","message":"n8n.node.finished","payload":{"workflowId":"5A3J3NdSs95ttC4J","workflowName":"My workflow","executionId":"16","nodeType":"n8n-nodes-base.html","nodeName":"HTML"}}
{"__type":"$$EventMessageConfirm","confirm":"72e5318f-8121-4b14-81e2-4e8cf96416b9","ts":"2024-12-12T12:24:40.230-05:00","source":{"id":"0","name":"eventBus"}}
{"__type":"$$EventMessageWorkflow","id":"19ba1668-ce6f-4f39-888a-2e025329bb26","ts":"2024-12-12T12:24:40.264-05:00","eventName":"n8n.workflow.success","message":"n8n.workflow.success","payload":{"executionId":"16","userId":"b8041b0e-ebb1-4023-8889-1b45e475dfb1","success":true,"isManual":true,"workflowId":"5A3J3NdSs95ttC4J","workflowName":"My workflow"}}
{"__type":"$$EventMessageConfirm","confirm":"19ba1668-ce6f-4f39-888a-2e025329bb26","ts":"2024-12-12T12:24:40.265-05:00","source":{"id":"0","name":"eventBus"}}
{"__type":"$$EventMessageWorkflow","id":"ae01ad92-2f88-4008-aadd-37bf1e9a256b","ts":"2024-12-12T12:25:08.491-05:00","eventName":"n8n.workflow.started","message":"n8n.workflow.started","payload":{"executionId":"17","isManual":false}}
{"__type":"$$EventMessageConfirm","confirm":"ae01ad92-2f88-4008-aadd-37bf1e9a256b","ts":"2024-12-12T12:25:08.491-05:00","source":{"id":"0","name":"eventBus"}}
{"__type":"$$EventMessageNode","id":"5d98fe5b-32f7-44e5-84d7-97d93195417a","ts":"2024-12-12T12:25:08.491-05:00","eventName":"n8n.node.started","message":"n8n.node.started","payload":{"workflowId":"5A3J3NdSs95ttC4J","workflowName":"My workflow","executionId":"17","nodeType":"n8n-nodes-base.html","nodeName":"HTML"}}
{"__type":"$$EventMessageConfirm","confirm":"5d98fe5b-32f7-44e5-84d7-97d93195417a","ts":"2024-12-12T12:25:08.491-05:00","source":{"id":"0","name":"eventBus"}}
{"__type":"$$EventMessageNode","id":"c11e336b-716d-4698-ba00-c0a38bb58010","ts":"2024-12-12T12:25:08.503-05:00","eventName":"n8n.node.finished","message":"n8n.node.finished","payload":{"workflowId":"5A3J3NdSs95ttC4J","workflowName":"My workflow","executionId":"17","nodeType":"n8n-nodes-base.html","nodeName":"HTML"}}
{"__type":"$$EventMessageConfirm","confirm":"c11e336b-716d-4698-ba00-c0a38bb58010","ts":"2024-12-12T12:25:08.503-05:00","source":{"id":"0","name":"eventBus"}}
{"__type":"$$EventMessageWorkflow","id":"dae2a4ea-dd18-43e1-9891-780ccef2bf26","ts":"2024-12-12T12:25:08.536-05:00","eventName":"n8n.workflow.success","message":"n8n.workflow.success","payload":{"executionId":"17","userId":"b8041b0e-ebb1-4023-8889-1b45e475dfb1","success":true,"isManual":true,"workflowId":"5A3J3NdSs95ttC4J","workflowName":"My workflow"}}
{"__type":"$$EventMessageConfirm","confirm":"dae2a4ea-dd18-43e1-9891-780ccef2bf26","ts":"2024-12-12T12:25:08.536-05:00","source":{"id":"0","name":"eventBus"}}
{"__type":"$$EventMessageWorkflow","id":"171409b6-2b16-4348-b461-8dc7d84ceca6","ts":"2024-12-12T12:25:25.391-05:00","eventName":"n8n.workflow.started","message":"n8n.workflow.started","payload":{"executionId":"18","isManual":false}}
{"__type":"$$EventMessageConfirm","confirm":"171409b6-2b16-4348-b461-8dc7d84ceca6","ts":"2024-12-12T12:25:25.391-05:00","source":{"id":"0","name":"eventBus"}}
{"__type":"$$EventMessageNode","id":"c2a889f8-882a-4900-b087-66da985eeb88","ts":"2024-12-12T12:25:25.391-05:00","eventName":"n8n.node.started","message":"n8n.node.started","payload":{"workflowId":"5A3J3NdSs95ttC4J","workflowName":"My workflow","executionId":"18","nodeType":"n8n-nodes-base.html","nodeName":"HTML"}}
{"__type":"$$EventMessageConfirm","confirm":"c2a889f8-882a-4900-b087-66da985eeb88","ts":"2024-12-12T12:25:25.391-05:00","source":{"id":"0","name":"eventBus"}}
{"__type":"$$EventMessageNode","id":"87f3a69d-cc2b-452e-97a5-521e9a9cab35","ts":"2024-12-12T12:25:25.403-05:00","eventName":"n8n.node.finished","message":"n8n.node.finished","payload":{"workflowId":"5A3J3NdSs95ttC4J","workflowName":"My workflow","executionId":"18","nodeType":"n8n-nodes-base.html","nodeName":"HTML"}}
{"__type":"$$EventMessageConfirm","confirm":"87f3a69d-cc2b-452e-97a5-521e9a9cab35","ts":"2024-12-12T12:25:25.403-05:00","source":{"id":"0","name":"eventBus"}}
{"__type":"$$EventMessageWorkflow","id":"c689b31f-1224-42ed-9e77-0e2be3840a75","ts":"2024-12-12T12:25:25.446-05:00","eventName":"n8n.workflow.success","message":"n8n.workflow.success","payload":{"executionId":"18","userId":"b8041b0e-ebb1-4023-8889-1b45e475dfb1","success":true,"isManual":true,"workflowId":"5A3J3NdSs95ttC4J","workflowName":"My workflow"}}
{"__type":"$$EventMessageConfirm","confirm":"c689b31f-1224-42ed-9e77-0e2be3840a75","ts":"2024-12-12T12:25:25.446-05:00","source":{"id":"0","name":"eventBus"}}
{"__type":"$$EventMessageWorkflow","id":"f8d093e9-6aaf-4ef6-b5da-1265625410a7","ts":"2024-12-12T12:25:42.808-05:00","eventName":"n8n.workflow.started","message":"n8n.workflow.started","payload":{"executionId":"19","isManual":false}}
{"__type":"$$EventMessageConfirm","confirm":"f8d093e9-6aaf-4ef6-b5da-1265625410a7","ts":"2024-12-12T12:25:42.808-05:00","source":{"id":"0","name":"eventBus"}}
{"__type":"$$EventMessageNode","id":"167ad22c-55c1-4a39-b110-f1fb130ac90d","ts":"2024-12-12T12:25:42.808-05:00","eventName":"n8n.node.started","message":"n8n.node.started","payload":{"workflowId":"5A3J3NdSs95ttC4J","workflowName":"My workflow","executionId":"19","nodeType":"n8n-nodes-base.html","nodeName":"HTML"}}
{"__type":"$$EventMessageConfirm","confirm":"167ad22c-55c1-4a39-b110-f1fb130ac90d","ts":"2024-12-12T12:25:42.808-05:00","source":{"id":"0","name":"eventBus"}}
{"__type":"$$EventMessageNode","id":"44df5cf1-73c8-4032-91bd-a1c2c9dc8558","ts":"2024-12-12T12:25:42.820-05:00","eventName":"n8n.node.finished","message":"n8n.node.finished","payload":{"workflowId":"5A3J3NdSs95ttC4J","workflowName":"My workflow","executionId":"19","nodeType":"n8n-nodes-base.html","nodeName":"HTML"}}
{"__type":"$$EventMessageConfirm","confirm":"44df5cf1-73c8-4032-91bd-a1c2c9dc8558","ts":"2024-12-12T12:25:42.820-05:00","source":{"id":"0","name":"eventBus"}}
{"__type":"$$EventMessageWorkflow","id":"079491de-661b-46b4-85c9-0bee24818c1e","ts":"2024-12-12T12:25:42.917-05:00","eventName":"n8n.workflow.success","message":"n8n.workflow.success","payload":{"executionId":"19","userId":"b8041b0e-ebb1-4023-8889-1b45e475dfb1","success":true,"isManual":true,"workflowId":"5A3J3NdSs95ttC4J","workflowName":"My workflow"}}
{"__type":"$$EventMessageConfirm","confirm":"079491de-661b-46b4-85c9-0bee24818c1e","ts":"2024-12-12T12:25:42.918-05:00","source":{"id":"0","name":"eventBus"}}
{"__type":"$$EventMessageWorkflow","id":"0a7cad32-0feb-41e1-ae5d-5eb8f73e02bf","ts":"2024-12-12T12:28:41.059-05:00","eventName":"n8n.workflow.started","message":"n8n.workflow.started","payload":{"executionId":"20","isManual":false}}
{"__type":"$$EventMessageConfirm","confirm":"0a7cad32-0feb-41e1-ae5d-5eb8f73e02bf","ts":"2024-12-12T12:28:41.060-05:00","source":{"id":"0","name":"eventBus"}}
{"__type":"$$EventMessageNode","id":"f12f3595-8454-41dc-be80-7bdc5940254f","ts":"2024-12-12T12:28:41.060-05:00","eventName":"n8n.node.started","message":"n8n.node.started","payload":{"workflowId":"5A3J3NdSs95ttC4J","workflowName":"My workflow","executionId":"20","nodeType":"n8n-nodes-base.code","nodeName":"Code"}}
{"__type":"$$EventMessageConfirm","confirm":"f12f3595-8454-41dc-be80-7bdc5940254f","ts":"2024-12-12T12:28:41.060-05:00","source":{"id":"0","name":"eventBus"}}
{"__type":"$$EventMessageNode","id":"3fda290a-0d6e-4026-ab1c-db707f260da8","ts":"2024-12-12T12:28:41.100-05:00","eventName":"n8n.node.finished","message":"n8n.node.finished","payload":{"workflowId":"5A3J3NdSs95ttC4J","workflowName":"My workflow","executionId":"20","nodeType":"n8n-nodes-base.code","nodeName":"Code"}}
{"__type":"$$EventMessageConfirm","confirm":"3fda290a-0d6e-4026-ab1c-db707f260da8","ts":"2024-12-12T12:28:41.100-05:00","source":{"id":"0","name":"eventBus"}}
{"__type":"$$EventMessageWorkflow","id":"293a4d55-3a93-4b10-b95b-db7956fef591","ts":"2024-12-12T12:28:41.655-05:00","eventName":"n8n.workflow.success","message":"n8n.workflow.success","payload":{"executionId":"20","userId":"b8041b0e-ebb1-4023-8889-1b45e475dfb1","success":true,"isManual":true,"workflowId":"5A3J3NdSs95ttC4J","workflowName":"My workflow"}}
{"__type":"$$EventMessageConfirm","confirm":"293a4d55-3a93-4b10-b95b-db7956fef591","ts":"2024-12-12T12:28:41.656-05:00","source":{"id":"0","name":"eventBus"}}
{"__type":"$$EventMessageWorkflow","id":"340671b5-1ef7-44ee-b465-b8c1e7d3320b","ts":"2024-12-12T12:28:48.762-05:00","eventName":"n8n.workflow.started","message":"n8n.workflow.started","payload":{"executionId":"21","isManual":false}}
{"__type":"$$EventMessageConfirm","confirm":"340671b5-1ef7-44ee-b465-b8c1e7d3320b","ts":"2024-12-12T12:28:48.763-05:00","source":{"id":"0","name":"eventBus"}}
{"__type":"$$EventMessageNode","id":"a19db631-60c7-4617-9c86-dfae1a068a86","ts":"2024-12-12T12:28:48.763-05:00","eventName":"n8n.node.started","message":"n8n.node.started","payload":{"workflowId":"5A3J3NdSs95ttC4J","workflowName":"My workflow","executionId":"21","nodeType":"n8n-nodes-base.html","nodeName":"HTML"}}
{"__type":"$$EventMessageConfirm","confirm":"a19db631-60c7-4617-9c86-dfae1a068a86","ts":"2024-12-12T12:28:48.763-05:00","source":{"id":"0","name":"eventBus"}}
{"__type":"$$EventMessageNode","id":"42397de5-358f-4564-9d2c-87bd3145010d","ts":"2024-12-12T12:28:48.771-05:00","eventName":"n8n.node.finished","message":"n8n.node.finished","payload":{"workflowId":"5A3J3NdSs95ttC4J","workflowName":"My workflow","executionId":"21","nodeType":"n8n-nodes-base.html","nodeName":"HTML"}}
{"__type":"$$EventMessageConfirm","confirm":"42397de5-358f-4564-9d2c-87bd3145010d","ts":"2024-12-12T12:28:48.771-05:00","source":{"id":"0","name":"eventBus"}}
{"__type":"$$EventMessageWorkflow","id":"8885978a-340e-46ea-b22d-8349843d22c6","ts":"2024-12-12T12:28:48.816-05:00","eventName":"n8n.workflow.success","message":"n8n.workflow.success","payload":{"executionId":"21","userId":"b8041b0e-ebb1-4023-8889-1b45e475dfb1","success":true,"isManual":true,"workflowId":"5A3J3NdSs95ttC4J","workflowName":"My workflow"}}
{"__type":"$$EventMessageConfirm","confirm":"8885978a-340e-46ea-b22d-8349843d22c6","ts":"2024-12-12T12:28:48.816-05:00","source":{"id":"0","name":"eventBus"}}
{"__type":"$$EventMessageAudit","id":"0388be5f-7593-423a-9c68-e9572937e693","ts":"2024-12-12T12:29:03.353-05:00","eventName":"n8n.audit.workflow.updated","message":"n8n.audit.workflow.updated","payload":{"userId":"b8041b0e-ebb1-4023-8889-1b45e475dfb1","_email":"rodrigo@lifecti.com.br","_firstName":"Rodrigo","_lastName":"Bserra","globalRole":"global:owner","workflowId":"5A3J3NdSs95ttC4J","workflowName":"My workflow"}}
{"__type":"$$EventMessageConfirm","confirm":"0388be5f-7593-423a-9c68-e9572937e693","ts":"2024-12-12T12:29:03.354-05:00","source":{"id":"0","name":"eventBus"}}
{"__type":"$$EventMessageWorkflow","id":"5599b8ae-bf8d-4d0a-a406-94fc151508e2","ts":"2024-12-12T12:29:08.348-05:00","eventName":"n8n.workflow.started","message":"n8n.workflow.started","payload":{"executionId":"22","isManual":false}}
{"__type":"$$EventMessageConfirm","confirm":"5599b8ae-bf8d-4d0a-a406-94fc151508e2","ts":"2024-12-12T12:29:08.348-05:00","source":{"id":"0","name":"eventBus"}}
{"__type":"$$EventMessageNode","id":"224bcb5c-65dd-47cf-86d5-25d373c242ba","ts":"2024-12-12T12:29:08.348-05:00","eventName":"n8n.node.started","message":"n8n.node.started","payload":{"workflowId":"5A3J3NdSs95ttC4J","workflowName":"My workflow","executionId":"22","nodeType":"n8n-nodes-base.code","nodeName":"Code"}}
{"__type":"$$EventMessageConfirm","confirm":"224bcb5c-65dd-47cf-86d5-25d373c242ba","ts":"2024-12-12T12:29:08.349-05:00","source":{"id":"0","name":"eventBus"}}
{"__type":"$$EventMessageNode","id":"b579eb5f-6819-49f5-a66d-920a28040953","ts":"2024-12-12T12:29:08.381-05:00","eventName":"n8n.node.finished","message":"n8n.node.finished","payload":{"workflowId":"5A3J3NdSs95ttC4J","workflowName":"My workflow","executionId":"22","nodeType":"n8n-nodes-base.code","nodeName":"Code"}}
{"__type":"$$EventMessageConfirm","confirm":"b579eb5f-6819-49f5-a66d-920a28040953","ts":"2024-12-12T12:29:08.381-05:00","source":{"id":"0","name":"eventBus"}}
{"__type":"$$EventMessageWorkflow","id":"7119ec4f-af9b-48a5-a24a-a5b3c350df95","ts":"2024-12-12T12:29:08.414-05:00","eventName":"n8n.workflow.failed","message":"n8n.workflow.failed","payload":{"executionId":"22","userId":"b8041b0e-ebb1-4023-8889-1b45e475dfb1","success":false,"isManual":true,"workflowId":"5A3J3NdSs95ttC4J","workflowName":"My workflow","lastNodeExecuted":"Code","errorNodeType":"n8n-nodes-base.code","errorMessage":"msg is not defined [line 2]"}}
{"__type":"$$EventMessageConfirm","confirm":"7119ec4f-af9b-48a5-a24a-a5b3c350df95","ts":"2024-12-12T12:29:08.415-05:00","source":{"id":"0","name":"eventBus"}}
{"__type":"$$EventMessageWorkflow","id":"6b28c895-e44a-4b3b-ac07-cb86bbe6f56f","ts":"2024-12-12T12:32:06.004-05:00","eventName":"n8n.workflow.started","message":"n8n.workflow.started","payload":{"executionId":"23","isManual":false}}
{"__type":"$$EventMessageConfirm","confirm":"6b28c895-e44a-4b3b-ac07-cb86bbe6f56f","ts":"2024-12-12T12:32:06.004-05:00","source":{"id":"0","name":"eventBus"}}
{"__type":"$$EventMessageNode","id":"17d77da6-4546-4e7a-9142-a76dadfcffd0","ts":"2024-12-12T12:32:06.004-05:00","eventName":"n8n.node.started","message":"n8n.node.started","payload":{"workflowId":"5A3J3NdSs95ttC4J","workflowName":"My workflow","executionId":"23","nodeType":"n8n-nodes-base.code","nodeName":"Code"}}
{"__type":"$$EventMessageConfirm","confirm":"17d77da6-4546-4e7a-9142-a76dadfcffd0","ts":"2024-12-12T12:32:06.004-05:00","source":{"id":"0","name":"eventBus"}}
{"__type":"$$EventMessageNode","id":"ea147ed4-c361-46e8-8fe1-b76bf23d7b25","ts":"2024-12-12T12:32:06.021-05:00","eventName":"n8n.node.finished","message":"n8n.node.finished","payload":{"workflowId":"5A3J3NdSs95ttC4J","workflowName":"My workflow","executionId":"23","nodeType":"n8n-nodes-base.code","nodeName":"Code"}}
{"__type":"$$EventMessageConfirm","confirm":"ea147ed4-c361-46e8-8fe1-b76bf23d7b25","ts":"2024-12-12T12:32:06.022-05:00","source":{"id":"0","name":"eventBus"}}
{"__type":"$$EventMessageWorkflow","id":"1945194d-1764-4848-a757-408d11ac116c","ts":"2024-12-12T12:32:06.075-05:00","eventName":"n8n.workflow.failed","message":"n8n.workflow.failed","payload":{"executionId":"23","userId":"b8041b0e-ebb1-4023-8889-1b45e475dfb1","success":false,"isManual":true,"workflowId":"5A3J3NdSs95ttC4J","workflowName":"My workflow","lastNodeExecuted":"Code","errorNodeType":"n8n-nodes-base.code","errorMessage":"dados is not defined [line 5]"}}
{"__type":"$$EventMessageConfirm","confirm":"1945194d-1764-4848-a757-408d11ac116c","ts":"2024-12-12T12:32:06.075-05:00","source":{"id":"0","name":"eventBus"}}
{"__type":"$$EventMessageWorkflow","id":"006c0066-81a3-4883-b5a3-49db52221986","ts":"2024-12-12T12:42:31.191-05:00","eventName":"n8n.workflow.started","message":"n8n.workflow.started","payload":{"executionId":"24","workflowId":"5A3J3NdSs95ttC4J","isManual":true,"workflowName":"My workflow"}}
{"__type":"$$EventMessageConfirm","confirm":"006c0066-81a3-4883-b5a3-49db52221986","ts":"2024-12-12T12:42:31.191-05:00","source":{"id":"0","name":"eventBus"}}
{"__type":"$$EventMessageNode","id":"8a202168-7a01-4b64-ad14-3e5b42f5ba96","ts":"2024-12-12T12:42:31.192-05:00","eventName":"n8n.node.started","message":"n8n.node.started","payload":{"workflowId":"5A3J3NdSs95ttC4J","workflowName":"My workflow","executionId":"24","nodeType":"n8n-nodes-base.webhook","nodeName":"Webhook"}}
{"__type":"$$EventMessageConfirm","confirm":"8a202168-7a01-4b64-ad14-3e5b42f5ba96","ts":"2024-12-12T12:42:31.192-05:00","source":{"id":"0","name":"eventBus"}}
{"__type":"$$EventMessageNode","id":"41b0f80e-2ff8-4efb-9d9d-6d65f314fcee","ts":"2024-12-12T12:42:31.193-05:00","eventName":"n8n.node.finished","message":"n8n.node.finished","payload":{"workflowId":"5A3J3NdSs95ttC4J","workflowName":"My workflow","executionId":"24","nodeType":"n8n-nodes-base.webhook","nodeName":"Webhook"}}
{"__type":"$$EventMessageConfirm","confirm":"41b0f80e-2ff8-4efb-9d9d-6d65f314fcee","ts":"2024-12-12T12:42:31.194-05:00","source":{"id":"0","name":"eventBus"}}
{"__type":"$$EventMessageNode","id":"4406a5dd-c280-4fca-9121-d29751248281","ts":"2024-12-12T12:42:31.195-05:00","eventName":"n8n.node.started","message":"n8n.node.started","payload":{"workflowId":"5A3J3NdSs95ttC4J","workflowName":"My workflow","executionId":"24","nodeType":"n8n-nodes-base.httpRequest","nodeName":"HTTP Request"}}
{"__type":"$$EventMessageConfirm","confirm":"4406a5dd-c280-4fca-9121-d29751248281","ts":"2024-12-12T12:42:31.195-05:00","source":{"id":"0","name":"eventBus"}}
{"__type":"$$EventMessageNode","id":"be3b45d9-248d-4820-93c8-b01dbb8b32ab","ts":"2024-12-12T12:42:31.394-05:00","eventName":"n8n.node.finished","message":"n8n.node.finished","payload":{"workflowId":"5A3J3NdSs95ttC4J","workflowName":"My workflow","executionId":"24","nodeType":"n8n-nodes-base.httpRequest","nodeName":"HTTP Request"}}
{"__type":"$$EventMessageConfirm","confirm":"be3b45d9-248d-4820-93c8-b01dbb8b32ab","ts":"2024-12-12T12:42:31.395-05:00","source":{"id":"0","name":"eventBus"}}
{"__type":"$$EventMessageNode","id":"577f4455-e7ab-4a41-b09e-f00b73e25275","ts":"2024-12-12T12:42:31.403-05:00","eventName":"n8n.node.started","message":"n8n.node.started","payload":{"workflowId":"5A3J3NdSs95ttC4J","workflowName":"My workflow","executionId":"24","nodeType":"n8n-nodes-base.code","nodeName":"Code"}}
{"__type":"$$EventMessageConfirm","confirm":"577f4455-e7ab-4a41-b09e-f00b73e25275","ts":"2024-12-12T12:42:31.404-05:00","source":{"id":"0","name":"eventBus"}}
{"__type":"$$EventMessageNode","id":"f3b372f9-d936-4cef-a302-6dd4d099c6a5","ts":"2024-12-12T12:42:31.424-05:00","eventName":"n8n.node.finished","message":"n8n.node.finished","payload":{"workflowId":"5A3J3NdSs95ttC4J","workflowName":"My workflow","executionId":"24","nodeType":"n8n-nodes-base.code","nodeName":"Code"}}
{"__type":"$$EventMessageConfirm","confirm":"f3b372f9-d936-4cef-a302-6dd4d099c6a5","ts":"2024-12-12T12:42:31.425-05:00","source":{"id":"0","name":"eventBus"}}
{"__type":"$$EventMessageNode","id":"6fe048b3-819d-45bd-858c-fcfdc0f01302","ts":"2024-12-12T12:42:31.431-05:00","eventName":"n8n.node.started","message":"n8n.node.started","payload":{"workflowId":"5A3J3NdSs95ttC4J","workflowName":"My workflow","executionId":"24","nodeType":"n8n-nodes-base.html","nodeName":"HTML"}}
{"__type":"$$EventMessageConfirm","confirm":"6fe048b3-819d-45bd-858c-fcfdc0f01302","ts":"2024-12-12T12:42:31.431-05:00","source":{"id":"0","name":"eventBus"}}
{"__type":"$$EventMessageNode","id":"d55c64fb-8336-45da-b7c5-79c585d07ece","ts":"2024-12-12T12:42:31.436-05:00","eventName":"n8n.node.finished","message":"n8n.node.finished","payload":{"workflowId":"5A3J3NdSs95ttC4J","workflowName":"My workflow","executionId":"24","nodeType":"n8n-nodes-base.html","nodeName":"HTML"}}
{"__type":"$$EventMessageConfirm","confirm":"d55c64fb-8336-45da-b7c5-79c585d07ece","ts":"2024-12-12T12:42:31.436-05:00","source":{"id":"0","name":"eventBus"}}
{"__type":"$$EventMessageWorkflow","id":"8757f079-f406-469c-92c1-c14d2d8a5c27","ts":"2024-12-12T12:42:31.574-05:00","eventName":"n8n.workflow.success","message":"n8n.workflow.success","payload":{"executionId":"24","success":true,"isManual":true,"workflowId":"5A3J3NdSs95ttC4J","workflowName":"My workflow"}}
{"__type":"$$EventMessageConfirm","confirm":"8757f079-f406-469c-92c1-c14d2d8a5c27","ts":"2024-12-12T12:42:31.575-05:00","source":{"id":"0","name":"eventBus"}}
{"__type":"$$EventMessageWorkflow","id":"249da4ec-01bf-43af-a3e5-060ec1a10b90","ts":"2024-12-12T12:43:25.320-05:00","eventName":"n8n.workflow.started","message":"n8n.workflow.started","payload":{"executionId":"25","workflowId":"5A3J3NdSs95ttC4J","isManual":true,"workflowName":"My workflow"}}
{"__type":"$$EventMessageConfirm","confirm":"249da4ec-01bf-43af-a3e5-060ec1a10b90","ts":"2024-12-12T12:43:25.320-05:00","source":{"id":"0","name":"eventBus"}}
{"__type":"$$EventMessageNode","id":"f3d58653-adc6-4525-816e-43b1fc4a3e7f","ts":"2024-12-12T12:43:25.321-05:00","eventName":"n8n.node.started","message":"n8n.node.started","payload":{"workflowId":"5A3J3NdSs95ttC4J","workflowName":"My workflow","executionId":"25","nodeType":"n8n-nodes-base.webhook","nodeName":"Webhook"}}
{"__type":"$$EventMessageConfirm","confirm":"f3d58653-adc6-4525-816e-43b1fc4a3e7f","ts":"2024-12-12T12:43:25.321-05:00","source":{"id":"0","name":"eventBus"}}
{"__type":"$$EventMessageNode","id":"8432ef77-33ff-4150-b9ea-638a5e7209c3","ts":"2024-12-12T12:43:25.322-05:00","eventName":"n8n.node.finished","message":"n8n.node.finished","payload":{"workflowId":"5A3J3NdSs95ttC4J","workflowName":"My workflow","executionId":"25","nodeType":"n8n-nodes-base.webhook","nodeName":"Webhook"}}
{"__type":"$$EventMessageConfirm","confirm":"8432ef77-33ff-4150-b9ea-638a5e7209c3","ts":"2024-12-12T12:43:25.322-05:00","source":{"id":"0","name":"eventBus"}}
{"__type":"$$EventMessageNode","id":"8bfeccb8-a0a5-4b38-88c0-e74524fe96b1","ts":"2024-12-12T12:43:25.323-05:00","eventName":"n8n.node.started","message":"n8n.node.started","payload":{"workflowId":"5A3J3NdSs95ttC4J","workflowName":"My workflow","executionId":"25","nodeType":"n8n-nodes-base.httpRequest","nodeName":"HTTP Request"}}
{"__type":"$$EventMessageConfirm","confirm":"8bfeccb8-a0a5-4b38-88c0-e74524fe96b1","ts":"2024-12-12T12:43:25.324-05:00","source":{"id":"0","name":"eventBus"}}
{"__type":"$$EventMessageNode","id":"bd5706ff-4c22-4f02-9f98-1271872ad060","ts":"2024-12-12T12:43:25.940-05:00","eventName":"n8n.node.finished","message":"n8n.node.finished","payload":{"workflowId":"5A3J3NdSs95ttC4J","workflowName":"My workflow","executionId":"25","nodeType":"n8n-nodes-base.httpRequest","nodeName":"HTTP Request"}}
{"__type":"$$EventMessageConfirm","confirm":"bd5706ff-4c22-4f02-9f98-1271872ad060","ts":"2024-12-12T12:43:25.940-05:00","source":{"id":"0","name":"eventBus"}}
{"__type":"$$EventMessageNode","id":"fc028c1f-e64b-4bf5-90e9-5f8f5e14ed29","ts":"2024-12-12T12:43:25.941-05:00","eventName":"n8n.node.started","message":"n8n.node.started","payload":{"workflowId":"5A3J3NdSs95ttC4J","workflowName":"My workflow","executionId":"25","nodeType":"n8n-nodes-base.code","nodeName":"Code"}}
{"__type":"$$EventMessageConfirm","confirm":"fc028c1f-e64b-4bf5-90e9-5f8f5e14ed29","ts":"2024-12-12T12:43:25.941-05:00","source":{"id":"0","name":"eventBus"}}
{"__type":"$$EventMessageNode","id":"b8d17d00-f19b-44e1-8bce-c680104e4476","ts":"2024-12-12T12:43:25.957-05:00","eventName":"n8n.node.finished","message":"n8n.node.finished","payload":{"workflowId":"5A3J3NdSs95ttC4J","workflowName":"My workflow","executionId":"25","nodeType":"n8n-nodes-base.code","nodeName":"Code"}}
{"__type":"$$EventMessageConfirm","confirm":"b8d17d00-f19b-44e1-8bce-c680104e4476","ts":"2024-12-12T12:43:25.957-05:00","source":{"id":"0","name":"eventBus"}}
{"__type":"$$EventMessageNode","id":"733ab7cf-8649-40f0-ada5-f69069caf242","ts":"2024-12-12T12:43:25.959-05:00","eventName":"n8n.node.started","message":"n8n.node.started","payload":{"workflowId":"5A3J3NdSs95ttC4J","workflowName":"My workflow","executionId":"25","nodeType":"n8n-nodes-base.html","nodeName":"HTML"}}
{"__type":"$$EventMessageConfirm","confirm":"733ab7cf-8649-40f0-ada5-f69069caf242","ts":"2024-12-12T12:43:25.959-05:00","source":{"id":"0","name":"eventBus"}}
{"__type":"$$EventMessageNode","id":"5a474e26-1713-4b5e-88ec-5cef7092b1a9","ts":"2024-12-12T12:43:25.964-05:00","eventName":"n8n.node.finished","message":"n8n.node.finished","payload":{"workflowId":"5A3J3NdSs95ttC4J","workflowName":"My workflow","executionId":"25","nodeType":"n8n-nodes-base.html","nodeName":"HTML"}}
{"__type":"$$EventMessageConfirm","confirm":"5a474e26-1713-4b5e-88ec-5cef7092b1a9","ts":"2024-12-12T12:43:25.965-05:00","source":{"id":"0","name":"eventBus"}}
{"__type":"$$EventMessageWorkflow","id":"22567224-1c47-4bd2-a428-67c6f70efdd8","ts":"2024-12-12T12:43:26.102-05:00","eventName":"n8n.workflow.success","message":"n8n.workflow.success","payload":{"executionId":"25","success":true,"isManual":true,"workflowId":"5A3J3NdSs95ttC4J","workflowName":"My workflow"}}
{"__type":"$$EventMessageConfirm","confirm":"22567224-1c47-4bd2-a428-67c6f70efdd8","ts":"2024-12-12T12:43:26.102-05:00","source":{"id":"0","name":"eventBus"}}
